C:\USERS\NATHAN\DOCUMENTS\VISUAL STUDIO 2010\PROJECTS\OPENGL4\OPENGL4\DEBUG\BLOCK.OBJ
C:\USERS\NATHAN\DOCUMENTS\VISUAL STUDIO 2010\PROJECTS\OPENGL4\OPENGL4\DEBUG\BLOCKAIR.OBJ
C:\USERS\NATHAN\DOCUMENTS\VISUAL STUDIO 2010\PROJECTS\OPENGL4\OPENGL4\DEBUG\BOOT.OBJ
C:\USERS\NATHAN\DOCUMENTS\VISUAL STUDIO 2010\PROJECTS\OPENGL4\OPENGL4\DEBUG\CAMERA.OBJ
C:\USERS\NATHAN\DOCUMENTS\VISUAL STUDIO 2010\PROJECTS\OPENGL4\OPENGL4\DEBUG\KEYBOARD.OBJ
C:\USERS\NATHAN\DOCUMENTS\VISUAL STUDIO 2010\PROJECTS\OPENGL4\OPENGL4\DEBUG\MAIN.OBJ
C:\USERS\NATHAN\DOCUMENTS\VISUAL STUDIO 2010\PROJECTS\OPENGL4\OPENGL4\DEBUG\PLAYER.OBJ
C:\USERS\NATHAN\DOCUMENTS\VISUAL STUDIO 2010\PROJECTS\OPENGL4\OPENGL4\DEBUG\SPRITESHEET.OBJ
C:\USERS\NATHAN\DOCUMENTS\VISUAL STUDIO 2010\PROJECTS\OPENGL4\OPENGL4\DEBUG\WORLD.OBJ
C:\USERS\NATHAN\DOCUMENTS\VISUAL STUDIO 2010\PROJECTS\OPENGL4\OPENGL4\DEBUG\VC100.PDB
C:\USERS\NATHAN\DOCUMENTS\VISUAL STUDIO 2010\PROJECTS\OPENGL4\OPENGL4\DEBUG\TEXTURELOADER.OBJ
C:\USERS\NATHAN\DOCUMENTS\VISUAL STUDIO 2010\PROJECTS\OPENGL4\OPENGL4\DEBUG\STB_IMAGE_AUG.OBJ
C:\USERS\NATHAN\DOCUMENTS\VISUAL STUDIO 2010\PROJECTS\OPENGL4\OPENGL4\DEBUG\IMAGE_DXT.OBJ
C:\USERS\NATHAN\DOCUMENTS\VISUAL STUDIO 2010\PROJECTS\OPENGL4\OPENGL4\DEBUG\IMAGE_HELPER.OBJ
C:\USERS\NATHAN\DOCUMENTS\VISUAL STUDIO 2010\PROJECTS\OPENGL4\OPENGL4\DEBUG\STB_IMAGE-1.09.OBJ
C:\USERS\NATHAN\DOCUMENTS\VISUAL STUDIO 2010\PROJECTS\OPENGL4\OPENGL4\DEBUG\STB_IMAGE-1.16.OBJ
C:\USERS\NATHAN\DOCUMENTS\VISUAL STUDIO 2010\PROJECTS\OPENGL4\OPENGL4\DEBUG\SDLGLUTILS.OBJ
C:\USERS\NATHAN\DOCUMENTS\VISUAL STUDIO 2010\PROJECTS\OPENGL4\OPENGL4\DEBUG\FONTRENDERER.OBJ
C:\USERS\NATHAN\DOCUMENTS\VISUAL STUDIO 2010\PROJECTS\OPENGL4\OPENGL4\DEBUG\CHUNK.OBJ
C:\USERS\NATHAN\DOCUMENTS\VISUAL STUDIO 2010\PROJECTS\OPENGL4\OPENGL4\DEBUG\BLOCKDIRT.OBJ
C:\USERS\NATHAN\DOCUMENTS\VISUAL STUDIO 2010\PROJECTS\OPENGL4\OPENGL4\DEBUG\PERLINNOISE.OBJ
C:\USERS\NATHAN\DOCUMENTS\VISUAL STUDIO 2010\PROJECTS\OPENGL4\OPENGL4\DEBUG\BLOCKGRASS.OBJ
C:\USERS\NATHAN\DOCUMENTS\VISUAL STUDIO 2010\PROJECTS\OPENGL4\OPENGL4\DEBUG\NRECTANGLE.OBJ
C:\USERS\NATHAN\DOCUMENTS\VISUAL STUDIO 2010\PROJECTS\OPENGL4\OPENGL4\DEBUG\ENTITY.OBJ
C:\USERS\NATHAN\DOCUMENTS\VISUAL STUDIO 2010\PROJECTS\OPENGL4\OPENGL4\DEBUG\MOVEMENTSMANAGER.OBJ
C:\USERS\NATHAN\DOCUMENTS\VISUAL STUDIO 2010\PROJECTS\OPENGL4\OPENGL4\DEBUG\MOUSE.OBJ
C:\USERS\NATHAN\DOCUMENTS\VISUAL STUDIO 2010\PROJECTS\OPENGL4\OPENGL4\DEBUG\UTILS.OBJ
C:\USERS\NATHAN\DOCUMENTS\VISUAL STUDIO 2010\PROJECTS\OPENGL4\OPENGL4\DEBUG\BLOCKSTONE.OBJ
C:\USERS\NATHAN\DOCUMENTS\VISUAL STUDIO 2010\PROJECTS\OPENGL4\OPENGL4\DEBUG\RAPIDINVENTORY.OBJ
C:\USERS\NATHAN\DOCUMENTS\VISUAL STUDIO 2010\PROJECTS\OPENGL4\OPENGL4\DEBUG\ITEMSTACK.OBJ
C:\USERS\NATHAN\DOCUMENTS\VISUAL STUDIO 2010\PROJECTS\OPENGL4\OPENGL4\DEBUG\ITEM.OBJ
C:\USERS\NATHAN\DOCUMENTS\VISUAL STUDIO 2010\PROJECTS\OPENGL4\OPENGL4\DEBUG\ITEMGRASS.OBJ
C:\USERS\NATHAN\DOCUMENTS\VISUAL STUDIO 2010\PROJECTS\OPENGL4\OPENGL4\DEBUG\ITEMSTONE.OBJ
C:\USERS\NATHAN\DOCUMENTS\VISUAL STUDIO 2010\PROJECTS\OPENGL4\OPENGL4\DEBUG\BLOCKWOOD.OBJ
C:\USERS\NATHAN\DOCUMENTS\VISUAL STUDIO 2010\PROJECTS\OPENGL4\OPENGL4\DEBUG\BLOCKLEAF.OBJ
C:\USERS\NATHAN\DOCUMENTS\VISUAL STUDIO 2010\PROJECTS\OPENGL4\OPENGL4\DEBUG\WORLDGEN.OBJ
C:\USERS\NATHAN\DOCUMENTS\VISUAL STUDIO 2010\PROJECTS\OPENGL4\OPENGL4\DEBUG\WORLDGENTREES.OBJ
C:\USERS\NATHAN\DOCUMENTS\VISUAL STUDIO 2010\PROJECTS\OPENGL4\OPENGL4\DEBUG\PLAYERINVENTORY.OBJ
C:\USERS\NATHAN\DOCUMENTS\VISUAL STUDIO 2010\PROJECTS\OPENGL4\OPENGL4\DEBUG\GAMERENDERER.OBJ
C:\USERS\NATHAN\DOCUMENTS\VISUAL STUDIO 2010\PROJECTS\OPENGL4\OPENGL4\DEBUG\RENDERER.OBJ
C:\USERS\NATHAN\DOCUMENTS\VISUAL STUDIO 2010\PROJECTS\OPENGL4\OPENGL4\DEBUG\UPDATABLE.OBJ
C:\USERS\NATHAN\DOCUMENTS\VISUAL STUDIO 2010\PROJECTS\OPENGL4\OPENGL4\DEBUG\GAMEUPDATER.OBJ
C:\USERS\NATHAN\DOCUMENTS\VISUAL STUDIO 2010\PROJECTS\OPENGL4\OPENGL4\DEBUG\KEYBOARDABLE.OBJ
C:\USERS\NATHAN\DOCUMENTS\VISUAL STUDIO 2010\PROJECTS\OPENGL4\OPENGL4\DEBUG\ITEMBLOCK.OBJ
C:\USERS\NATHAN\DOCUMENTS\VISUAL STUDIO 2010\PROJECTS\OPENGL4\OPENGL4\DEBUG\INVENTORY.OBJ
C:\USERS\NATHAN\DOCUMENTS\VISUAL STUDIO 2012\PROJECTS\OPENGL4\OPENGL4\DEBUG\ITEMSTACK.OBJ
C:\USERS\NATHAN\DOCUMENTS\VISUAL STUDIO 2012\PROJECTS\OPENGL4\OPENGL4\DEBUG\ITEMSTONE.OBJ
C:\USERS\NATHAN\DOCUMENTS\VISUAL STUDIO 2012\PROJECTS\OPENGL4\OPENGL4\DEBUG\KEYBOARD.OBJ
C:\USERS\NATHAN\DOCUMENTS\VISUAL STUDIO 2012\PROJECTS\OPENGL4\OPENGL4\DEBUG\KEYBOARDABLE.OBJ
C:\USERS\NATHAN\DOCUMENTS\VISUAL STUDIO 2012\PROJECTS\OPENGL4\OPENGL4\DEBUG\MAIN.OBJ
C:\USERS\NATHAN\DOCUMENTS\VISUAL STUDIO 2012\PROJECTS\OPENGL4\OPENGL4\DEBUG\MOUSE.OBJ
C:\USERS\NATHAN\DOCUMENTS\VISUAL STUDIO 2012\PROJECTS\OPENGL4\OPENGL4\DEBUG\MOVEMENTSMANAGER.OBJ
C:\USERS\NATHAN\DOCUMENTS\VISUAL STUDIO 2012\PROJECTS\OPENGL4\OPENGL4\DEBUG\NRECTANGLE.OBJ
C:\USERS\NATHAN\DOCUMENTS\VISUAL STUDIO 2012\PROJECTS\OPENGL4\OPENGL4\DEBUG\PERLINNOISE.OBJ
C:\USERS\NATHAN\DOCUMENTS\VISUAL STUDIO 2012\PROJECTS\OPENGL4\OPENGL4\DEBUG\PLAYER.OBJ
C:\USERS\NATHAN\DOCUMENTS\VISUAL STUDIO 2012\PROJECTS\OPENGL4\OPENGL4\DEBUG\PLAYERINVENTORY.OBJ
C:\USERS\NATHAN\DOCUMENTS\VISUAL STUDIO 2012\PROJECTS\OPENGL4\OPENGL4\DEBUG\RAPIDINVENTORY.OBJ
C:\USERS\NATHAN\DOCUMENTS\VISUAL STUDIO 2012\PROJECTS\OPENGL4\OPENGL4\DEBUG\RENDERER.OBJ
C:\USERS\NATHAN\DOCUMENTS\VISUAL STUDIO 2012\PROJECTS\OPENGL4\OPENGL4\DEBUG\SPRITESHEET.OBJ
C:\USERS\NATHAN\DOCUMENTS\VISUAL STUDIO 2012\PROJECTS\OPENGL4\OPENGL4\DEBUG\TEXTURELOADER.OBJ
C:\USERS\NATHAN\DOCUMENTS\VISUAL STUDIO 2012\PROJECTS\OPENGL4\OPENGL4\DEBUG\UPDATABLE.OBJ
C:\USERS\NATHAN\DOCUMENTS\VISUAL STUDIO 2012\PROJECTS\OPENGL4\OPENGL4\DEBUG\UTILS.OBJ
C:\USERS\NATHAN\DOCUMENTS\VISUAL STUDIO 2012\PROJECTS\OPENGL4\OPENGL4\DEBUG\WORLD.OBJ
C:\USERS\NATHAN\DOCUMENTS\VISUAL STUDIO 2012\PROJECTS\OPENGL4\OPENGL4\DEBUG\WORLDGEN.OBJ
C:\USERS\NATHAN\DOCUMENTS\VISUAL STUDIO 2012\PROJECTS\OPENGL4\OPENGL4\DEBUG\WORLDGENTREES.OBJ
C:\USERS\NATHAN\DOCUMENTS\VISUAL STUDIO 2012\PROJECTS\OPENGL4\OPENGL4\DEBUG\BLOCK.OBJ
C:\USERS\NATHAN\DOCUMENTS\VISUAL STUDIO 2012\PROJECTS\OPENGL4\OPENGL4\DEBUG\BLOCKAIR.OBJ
C:\USERS\NATHAN\DOCUMENTS\VISUAL STUDIO 2012\PROJECTS\OPENGL4\OPENGL4\DEBUG\BLOCKDIRT.OBJ
C:\USERS\NATHAN\DOCUMENTS\VISUAL STUDIO 2012\PROJECTS\OPENGL4\OPENGL4\DEBUG\BLOCKGRASS.OBJ
C:\USERS\NATHAN\DOCUMENTS\VISUAL STUDIO 2012\PROJECTS\OPENGL4\OPENGL4\DEBUG\BLOCKLEAF.OBJ
C:\USERS\NATHAN\DOCUMENTS\VISUAL STUDIO 2012\PROJECTS\OPENGL4\OPENGL4\DEBUG\BLOCKSTONE.OBJ
C:\USERS\NATHAN\DOCUMENTS\VISUAL STUDIO 2012\PROJECTS\OPENGL4\OPENGL4\DEBUG\BLOCKWOOD.OBJ
C:\USERS\NATHAN\DOCUMENTS\VISUAL STUDIO 2012\PROJECTS\OPENGL4\OPENGL4\DEBUG\BOOT.OBJ
C:\USERS\NATHAN\DOCUMENTS\VISUAL STUDIO 2012\PROJECTS\OPENGL4\OPENGL4\DEBUG\CAMERA.OBJ
C:\USERS\NATHAN\DOCUMENTS\VISUAL STUDIO 2012\PROJECTS\OPENGL4\OPENGL4\DEBUG\CHUNK.OBJ
C:\USERS\NATHAN\DOCUMENTS\VISUAL STUDIO 2012\PROJECTS\OPENGL4\OPENGL4\DEBUG\ENTITY.OBJ
C:\USERS\NATHAN\DOCUMENTS\VISUAL STUDIO 2012\PROJECTS\OPENGL4\OPENGL4\DEBUG\FONTRENDERER.OBJ
C:\USERS\NATHAN\DOCUMENTS\VISUAL STUDIO 2012\PROJECTS\OPENGL4\OPENGL4\DEBUG\GAMERENDERER.OBJ
C:\USERS\NATHAN\DOCUMENTS\VISUAL STUDIO 2012\PROJECTS\OPENGL4\OPENGL4\DEBUG\GAMEUPDATER.OBJ
C:\USERS\NATHAN\DOCUMENTS\VISUAL STUDIO 2012\PROJECTS\OPENGL4\OPENGL4\DEBUG\INVENTORY.OBJ
C:\USERS\NATHAN\DOCUMENTS\VISUAL STUDIO 2012\PROJECTS\OPENGL4\OPENGL4\DEBUG\ITEM.OBJ
C:\USERS\NATHAN\DOCUMENTS\VISUAL STUDIO 2012\PROJECTS\OPENGL4\OPENGL4\DEBUG\ITEMBLOCK.OBJ
C:\USERS\NATHAN\DOCUMENTS\VISUAL STUDIO 2012\PROJECTS\OPENGL4\OPENGL4\DEBUG\ITEMGRASS.OBJ
C:\USERS\NATHAN\DOCUMENTS\VISUAL STUDIO 2012\PROJECTS\OPENGL4\OPENGL4\DEBUG\VC110.PDB
C:\USERS\NATHAN\DOCUMENTS\VISUAL STUDIO 2010\PROJECTS\OPENGL4\DEBUG\OPENGL4.ILK
C:\USERS\NATHAN\DOCUMENTS\VISUAL STUDIO 2010\PROJECTS\OPENGL4\DEBUG\OPENGL4.EXE
C:\USERS\NATHAN\DOCUMENTS\VISUAL STUDIO 2010\PROJECTS\OPENGL4\OPENGL4\DEBUG\OPENGL4.EXE.INTERMEDIATE.MANIFEST
C:\USERS\NATHAN\DOCUMENTS\VISUAL STUDIO 2010\PROJECTS\OPENGL4\DEBUG\OPENGL4.PDB
C:\Users\Nathan\Documents\Visual Studio 2012\Projects\OpenGL4\OpenGL4\Debug\OpenGL4.vcxprojResolveAssemblyReference.cache
C:\Users\Nathan\Documents\Visual Studio 2012\Projects\OpenGL4\OpenGL4\Debug\Block.obj
C:\Users\Nathan\Documents\Visual Studio 2012\Projects\OpenGL4\OpenGL4\Debug\BlockAir.obj
C:\Users\Nathan\Documents\Visual Studio 2012\Projects\OpenGL4\OpenGL4\Debug\BlockDirt.obj
C:\Users\Nathan\Documents\Visual Studio 2012\Projects\OpenGL4\OpenGL4\Debug\BlockGrass.obj
C:\Users\Nathan\Documents\Visual Studio 2012\Projects\OpenGL4\OpenGL4\Debug\BlockLeaf.obj
C:\Users\Nathan\Documents\Visual Studio 2012\Projects\OpenGL4\OpenGL4\Debug\BlockStone.obj
C:\Users\Nathan\Documents\Visual Studio 2012\Projects\OpenGL4\OpenGL4\Debug\BlockWood.obj
C:\Users\Nathan\Documents\Visual Studio 2012\Projects\OpenGL4\OpenGL4\Debug\Boot.obj
C:\Users\Nathan\Documents\Visual Studio 2012\Projects\OpenGL4\OpenGL4\Debug\Camera.obj
C:\Users\Nathan\Documents\Visual Studio 2012\Projects\OpenGL4\OpenGL4\Debug\Chunk.obj
C:\Users\Nathan\Documents\Visual Studio 2012\Projects\OpenGL4\OpenGL4\Debug\Entity.obj
C:\Users\Nathan\Documents\Visual Studio 2012\Projects\OpenGL4\OpenGL4\Debug\FontRenderer.obj
C:\Users\Nathan\Documents\Visual Studio 2012\Projects\OpenGL4\OpenGL4\Debug\GameRenderer.obj
C:\Users\Nathan\Documents\Visual Studio 2012\Projects\OpenGL4\OpenGL4\Debug\GameUpdater.obj
C:\Users\Nathan\Documents\Visual Studio 2012\Projects\OpenGL4\OpenGL4\Debug\image_DXT.obj
C:\Users\Nathan\Documents\Visual Studio 2012\Projects\OpenGL4\OpenGL4\Debug\image_helper.obj
C:\Users\Nathan\Documents\Visual Studio 2012\Projects\OpenGL4\OpenGL4\Debug\Inventory.obj
C:\Users\Nathan\Documents\Visual Studio 2012\Projects\OpenGL4\OpenGL4\Debug\Item.obj
C:\Users\Nathan\Documents\Visual Studio 2012\Projects\OpenGL4\OpenGL4\Debug\ItemBlock.obj
C:\Users\Nathan\Documents\Visual Studio 2012\Projects\OpenGL4\OpenGL4\Debug\ItemGrass.obj
C:\Users\Nathan\Documents\Visual Studio 2012\Projects\OpenGL4\OpenGL4\Debug\ItemStack.obj
C:\Users\Nathan\Documents\Visual Studio 2012\Projects\OpenGL4\OpenGL4\Debug\ItemStone.obj
C:\Users\Nathan\Documents\Visual Studio 2012\Projects\OpenGL4\OpenGL4\Debug\Keyboard.obj
C:\Users\Nathan\Documents\Visual Studio 2012\Projects\OpenGL4\OpenGL4\Debug\Keyboardable.obj
C:\Users\Nathan\Documents\Visual Studio 2012\Projects\OpenGL4\OpenGL4\Debug\main.obj
C:\Users\Nathan\Documents\Visual Studio 2012\Projects\OpenGL4\OpenGL4\Debug\Mouse.obj
C:\Users\Nathan\Documents\Visual Studio 2012\Projects\OpenGL4\OpenGL4\Debug\MovementsManager.obj
C:\Users\Nathan\Documents\Visual Studio 2012\Projects\OpenGL4\OpenGL4\Debug\NRectangle.obj
C:\Users\Nathan\Documents\Visual Studio 2012\Projects\OpenGL4\OpenGL4\Debug\PerlinNoise.obj
C:\Users\Nathan\Documents\Visual Studio 2012\Projects\OpenGL4\OpenGL4\Debug\Player.obj
C:\Users\Nathan\Documents\Visual Studio 2012\Projects\OpenGL4\OpenGL4\Debug\PlayerInventory.obj
C:\Users\Nathan\Documents\Visual Studio 2012\Projects\OpenGL4\OpenGL4\Debug\RapidInventory.obj
C:\Users\Nathan\Documents\Visual Studio 2012\Projects\OpenGL4\OpenGL4\Debug\Renderer.obj
C:\Users\Nathan\Documents\Visual Studio 2012\Projects\OpenGL4\OpenGL4\Debug\sdlglutils.obj
C:\Users\Nathan\Documents\Visual Studio 2012\Projects\OpenGL4\OpenGL4\Debug\Spritesheet.obj
C:\Users\Nathan\Documents\Visual Studio 2012\Projects\OpenGL4\OpenGL4\Debug\stb_image-1.09.obj
C:\Users\Nathan\Documents\Visual Studio 2012\Projects\OpenGL4\OpenGL4\Debug\stb_image-1.16.obj
C:\Users\Nathan\Documents\Visual Studio 2012\Projects\OpenGL4\OpenGL4\Debug\stb_image_aug.obj
C:\Users\Nathan\Documents\Visual Studio 2012\Projects\OpenGL4\OpenGL4\Debug\TextureLoader.obj
C:\Users\Nathan\Documents\Visual Studio 2012\Projects\OpenGL4\OpenGL4\Debug\Updatable.obj
C:\Users\Nathan\Documents\Visual Studio 2012\Projects\OpenGL4\OpenGL4\Debug\Utils.obj
C:\Users\Nathan\Documents\Visual Studio 2012\Projects\OpenGL4\OpenGL4\Debug\World.obj
C:\Users\Nathan\Documents\Visual Studio 2012\Projects\OpenGL4\OpenGL4\Debug\WorldGen.obj
C:\Users\Nathan\Documents\Visual Studio 2012\Projects\OpenGL4\OpenGL4\Debug\WorldGenTrees.obj
C:\Users\Nathan\Documents\Visual Studio 2012\Projects\OpenGL4\OpenGL4\Debug\cl.command.1.tlog
C:\Users\Nathan\Documents\Visual Studio 2012\Projects\OpenGL4\OpenGL4\Debug\CL.read.1.tlog
C:\Users\Nathan\Documents\Visual Studio 2012\Projects\OpenGL4\OpenGL4\Debug\CL.write.1.tlog
C:\Users\Nathan\Documents\Visual Studio 2012\Projects\OpenGL4\OpenGL4\Debug\link-cvtres.read.1.tlog
C:\Users\Nathan\Documents\Visual Studio 2012\Projects\OpenGL4\OpenGL4\Debug\link-cvtres.write.1.tlog
C:\Users\Nathan\Documents\Visual Studio 2012\Projects\OpenGL4\OpenGL4\Debug\link-rc.read.1.tlog
C:\Users\Nathan\Documents\Visual Studio 2012\Projects\OpenGL4\OpenGL4\Debug\link-rc.write.1.tlog
C:\Users\Nathan\Documents\Visual Studio 2012\Projects\OpenGL4\OpenGL4\Debug\link.command.1.tlog
C:\Users\Nathan\Documents\Visual Studio 2012\Projects\OpenGL4\OpenGL4\Debug\link.read.1.tlog
C:\Users\Nathan\Documents\Visual Studio 2012\Projects\OpenGL4\OpenGL4\Debug\link.write.1.tlog
C:\Users\Nathan\Documents\Visual Studio 2012\Projects\OpenGL4\OpenGL4\Debug\mt.command.1.tlog
C:\Users\Nathan\Documents\Visual Studio 2012\Projects\OpenGL4\OpenGL4\Debug\mt.read.1.tlog
C:\Users\Nathan\Documents\Visual Studio 2012\Projects\OpenGL4\OpenGL4\Debug\mt.write.1.tlog
C:\Users\Nathan\Documents\Visual Studio 2012\Projects\OpenGL4\OpenGL4\Debug\OpenGL4.write.1.tlog
C:\Users\Nathan\Documents\Visual Studio 2012\Projects\OpenGL4\OpenGL4\Debug\OpenGL4.exe.intermediate.manifest
C:\Users\Nathan\Documents\Visual Studio 2012\Projects\OpenGL4\OpenGL4\Debug\vc100.idb
C:\Users\Nathan\Documents\Visual Studio 2012\Projects\OpenGL4\OpenGL4\Debug\vc110.idb
C:\Users\Nathan\Documents\Visual Studio 2012\Projects\OpenGL4\OpenGL4\Debug\vc100.pdb
C:\Users\Nathan\Documents\Visual Studio 2012\Projects\OpenGL4\OpenGL4\Debug\vc110.pdb
C:\Users\Nathan\Documents\Visual Studio 2012\Projects\OpenGL4\Debug\OpenGL4.pdb
